<?xml version="1.0" encoding="UTF-8"?>
<!-- Generated by org.testng.reporters.JUnitReportReporter -->
<testsuite skipped="0" hostname="abhinam2" name="com.training.sanity.tests.DeleteAdTest" tests="1" failures="0" timestamp="13 Jan 2019 11:00:57 GMT" time="19.246" errors="0">
  <testcase name="validLoginTest" time="19.246" classname="com.training.sanity.tests.DeleteAdTest"/>
</testsuite> <!-- com.training.sanity.tests.DeleteAdTest -->
