<?xml version="1.0" encoding="UTF-8"?>
<!-- Generated by org.testng.reporters.JUnitReportReporter -->
<testsuite skipped="0" hostname="abhinam2" name="com.training.sanity.tests.FundTransferTest" tests="1" failures="0" timestamp="20 Jan 2019 14:04:20 GMT" time="25.776" errors="0">
  <testcase name="TransferFundsTest" time="25.776" classname="com.training.sanity.tests.FundTransferTest"/>
</testsuite> <!-- com.training.sanity.tests.FundTransferTest -->
