<?xml version="1.0" encoding="UTF-8"?>
<!-- Generated by org.testng.reporters.JUnitReportReporter -->
<testsuite skipped="0" hostname="abhinam2" name="com.training.sanity.tests.AlertSettingsTest" tests="1" failures="0" timestamp="20 Jan 2019 16:57:41 GMT" time="17.153" errors="0">
  <testcase name="AlertSettingTest" time="17.153" classname="com.training.sanity.tests.AlertSettingsTest"/>
</testsuite> <!-- com.training.sanity.tests.AlertSettingsTest -->
