<?xml version="1.0" encoding="UTF-8"?>
<!-- Generated by org.testng.reporters.JUnitReportReporter -->
<testsuite skipped="0" hostname="abhinam2" name="com.training.sanity.tests.CreateAdTest" tests="1" failures="0" timestamp="13 Jan 2019 10:49:23 GMT" time="18.081" errors="0">
  <testcase name="validCreateAdTest" time="18.081" classname="com.training.sanity.tests.CreateAdTest"/>
</testsuite> <!-- com.training.sanity.tests.CreateAdTest -->
