<?xml version="1.0" encoding="UTF-8"?>
<!-- Generated by org.testng.reporters.JUnitReportReporter -->
<testsuite skipped="0" hostname="abhinam2" name="com.training.sanity.tests.LoanRepaymentTest" tests="1" failures="0" timestamp="17 Jan 2019 05:16:33 GMT" time="24.832" errors="0">
  <testcase name="validLoginTest" time="24.832" classname="com.training.sanity.tests.LoanRepaymentTest"/>
</testsuite> <!-- com.training.sanity.tests.LoanRepaymentTest -->
