<?xml version="1.0" encoding="UTF-8"?>
<!-- Generated by org.testng.reporters.JUnitReportReporter -->
<testsuite skipped="0" hostname="abhinam2" name="com.training.sanity.tests.ExcelCreateAd" tests="5" failures="0" timestamp="30 Jan 2019 11:42:26 GMT" time="12.891" errors="0">
  <testcase name="loginTest" time="1.311" classname="com.training.sanity.tests.ExcelCreateAd"/>
  <testcase name="memberPayment" time="3.079" classname="com.training.sanity.tests.ExcelCreateAd"/>
  <testcase name="memberPayment" time="1.844" classname="com.training.sanity.tests.ExcelCreateAd"/>
  <testcase name="memberPayment" time="2.893" classname="com.training.sanity.tests.ExcelCreateAd"/>
  <testcase name="memberPayment" time="3.764" classname="com.training.sanity.tests.ExcelCreateAd"/>
</testsuite> <!-- com.training.sanity.tests.ExcelCreateAd -->
