<?xml version="1.0" encoding="UTF-8"?>
<!-- Generated by org.testng.reporters.JUnitReportReporter -->
<testsuite skipped="0" hostname="abhinam2" name="com.training.sanity.tests.PasswordTest" tests="1" failures="0" timestamp="11 Jan 2019 11:25:04 GMT" time="14.804" errors="0">
  <testcase name="validpasswordTest" time="14.804" classname="com.training.sanity.tests.PasswordTest"/>
</testsuite> <!-- com.training.sanity.tests.PasswordTest -->
