<?xml version="1.0" encoding="UTF-8"?>
<!-- Generated by org.testng.reporters.JUnitReportReporter -->
<testsuite skipped="0" hostname="abhinam2" name="com.training.sanity.tests.MemberLoginTest" tests="1" failures="0" timestamp="23 Jan 2019 05:33:44 GMT" time="27.703" errors="0">
  <testcase name="memberLoginTest" time="27.703" classname="com.training.sanity.tests.MemberLoginTest"/>
</testsuite> <!-- com.training.sanity.tests.MemberLoginTest -->
