<?xml version="1.0" encoding="UTF-8"?>
<!-- Generated by org.testng.reporters.JUnitReportReporter -->
<testsuite skipped="0" hostname="abhinam2" name="com.training.sanity.tests.ExcelPayContacts" tests="5" failures="0" timestamp="30 Jan 2019 10:59:14 GMT" time="11.647" errors="0">
  <testcase name="loginTest" time="1.365" classname="com.training.sanity.tests.ExcelPayContacts"/>
  <testcase name="contactPayment" time="2.549" classname="com.training.sanity.tests.ExcelPayContacts"/>
  <testcase name="contactPayment" time="2.394" classname="com.training.sanity.tests.ExcelPayContacts"/>
  <testcase name="contactPayment" time="2.512" classname="com.training.sanity.tests.ExcelPayContacts"/>
  <testcase name="contactPayment" time="2.827" classname="com.training.sanity.tests.ExcelPayContacts"/>
</testsuite> <!-- com.training.sanity.tests.ExcelPayContacts -->
