<?xml version="1.0" encoding="UTF-8"?>
<!-- Generated by org.testng.reporters.JUnitReportReporter -->
<testsuite skipped="0" hostname="abhinam2" name="com.training.sanity.tests.DeleteAdTest" tests="1" failures="0" timestamp="14 Jan 2019 07:27:45 GMT" time="19.196" errors="0">
  <testcase name="deleteAdTest" time="19.196" classname="com.training.sanity.tests.DeleteAdTest"/>
</testsuite> <!-- com.training.sanity.tests.DeleteAdTest -->
