<?xml version="1.0" encoding="UTF-8"?>
<!-- Generated by org.testng.reporters.JUnitReportReporter -->
<testsuite skipped="0" hostname="abhinam2" name="com.training.sanity.tests.MessageAdminTest" tests="1" failures="0" timestamp="20 Jan 2019 13:45:28 GMT" time="18.090" errors="0">
  <testcase name="SendMessageTest" time="18.090" classname="com.training.sanity.tests.MessageAdminTest"/>
</testsuite> <!-- com.training.sanity.tests.MessageAdminTest -->
