<?xml version="1.0" encoding="UTF-8"?>
<!-- Generated by org.testng.reporters.JUnitReportReporter -->
<testsuite skipped="0" hostname="abhinam2" name="com.training.sanity.tests.LogOutTest" tests="1" failures="0" timestamp="14 Jan 2019 06:40:28 GMT" time="15.993" errors="0">
  <testcase name="validLogOutTest" time="15.993" classname="com.training.sanity.tests.LogOutTest"/>
</testsuite> <!-- com.training.sanity.tests.LogOutTest -->
