<?xml version="1.0" encoding="UTF-8"?>
<!-- Generated by org.testng.reporters.JUnitReportReporter -->
<testsuite skipped="0" hostname="abhinam2" name="com.training.regression.tests.LoginExcelTest" tests="3" failures="0" timestamp="27 Jan 2019 12:08:51 GMT" time="29.466" errors="0">
  <testcase name="loginDBTest" time="9.310" classname="com.training.regression.tests.LoginExcelTest"/>
  <testcase name="loginDBTest" time="10.576" classname="com.training.regression.tests.LoginExcelTest"/>
  <testcase name="loginDBTest" time="9.580" classname="com.training.regression.tests.LoginExcelTest"/>
</testsuite> <!-- com.training.regression.tests.LoginExcelTest -->
