<?xml version="1.0" encoding="UTF-8"?>
<!-- Generated by org.testng.reporters.JUnitReportReporter -->
<testsuite skipped="0" hostname="abhinam2" name="com.training.sanity.tests.AdminPaymentTest" tests="1" failures="0" timestamp="20 Jan 2019 15:58:02 GMT" time="19.748" errors="0">
  <testcase name="AdminPayTest" time="19.748" classname="com.training.sanity.tests.AdminPaymentTest"/>
</testsuite> <!-- com.training.sanity.tests.AdminPaymentTest -->
