<?xml version="1.0" encoding="UTF-8"?>
<!-- Generated by org.testng.reporters.JUnitReportReporter -->
<testsuite skipped="0" hostname="abhinam2" name="com.training.sanity.tests.DBAdminPayment" tests="4" failures="0" timestamp="31 Jan 2019 07:44:14 GMT" time="22.519" errors="0">
  <testcase name="loginTest" time="1.382" classname="com.training.sanity.tests.DBAdminPayment"/>
  <testcase name="memberPayment" time="7.307" classname="com.training.sanity.tests.DBAdminPayment"/>
  <testcase name="memberPayment" time="6.783" classname="com.training.sanity.tests.DBAdminPayment"/>
  <testcase name="memberPayment" time="7.047" classname="com.training.sanity.tests.DBAdminPayment"/>
</testsuite> <!-- com.training.sanity.tests.DBAdminPayment -->
