<?xml version="1.0" encoding="UTF-8"?>
<!-- Generated by org.testng.reporters.JUnitReportReporter -->
<testsuite skipped="0" hostname="abhinam2" name="com.training.sanity.tests.ExcelAdminPayment" tests="4" failures="0" timestamp="30 Jan 2019 10:57:04 GMT" time="22.519" errors="0">
  <testcase name="loginTest" time="1.287" classname="com.training.sanity.tests.ExcelAdminPayment"/>
  <testcase name="memberPayment" time="6.702" classname="com.training.sanity.tests.ExcelAdminPayment"/>
  <testcase name="memberPayment" time="7.204" classname="com.training.sanity.tests.ExcelAdminPayment"/>
  <testcase name="memberPayment" time="7.326" classname="com.training.sanity.tests.ExcelAdminPayment"/>
</testsuite> <!-- com.training.sanity.tests.ExcelAdminPayment -->
