<?xml version="1.0" encoding="UTF-8"?>
<!-- Generated by org.testng.reporters.JUnitReportReporter -->
<testsuite skipped="0" hostname="abhinam2" name="com.training.sanity.tests.MemberLoginTest" tests="1" failures="0" timestamp="11 Jan 2019 11:49:51 GMT" time="25.287" errors="0">
  <testcase name="validLoginTest" time="25.287" classname="com.training.sanity.tests.MemberLoginTest"/>
</testsuite> <!-- com.training.sanity.tests.MemberLoginTest -->
