<?xml version="1.0" encoding="UTF-8"?>
<!-- Generated by org.testng.reporters.JUnitReportReporter -->
<testsuite skipped="0" hostname="abhinam2" name="com.training.sanity.tests.PasswordTest" tests="1" failures="0" timestamp="14 Jan 2019 06:37:41 GMT" time="17.974" errors="0">
  <testcase name="validpasswordTest" time="17.974" classname="com.training.sanity.tests.PasswordTest"/>
</testsuite> <!-- com.training.sanity.tests.PasswordTest -->
