<?xml version="1.0" encoding="UTF-8"?>
<!-- Generated by org.testng.reporters.JUnitReportReporter -->
<testsuite skipped="0" hostname="abhinam2" name="com.training.regression.tests.LoginDBTest" tests="2" failures="0" timestamp="26 Jan 2019 08:11:21 GMT" time="31.919" errors="0">
  <testcase name="loginDBTest" time="17.536" classname="com.training.regression.tests.LoginDBTest"/>
  <testcase name="loginDBTest" time="14.383" classname="com.training.regression.tests.LoginDBTest"/>
</testsuite> <!-- com.training.regression.tests.LoginDBTest -->
