<?xml version="1.0" encoding="UTF-8"?>
<!-- Generated by org.testng.reporters.JUnitReportReporter -->
<testsuite skipped="0" hostname="abhinam2" name="com.training.sanity.tests.MemberLoginTest" tests="1" failures="0" timestamp="14 Jan 2019 07:08:39 GMT" time="25.535" errors="0">
  <testcase name="memberLoginTest" time="25.535" classname="com.training.sanity.tests.MemberLoginTest"/>
</testsuite> <!-- com.training.sanity.tests.MemberLoginTest -->
