<?xml version="1.0" encoding="UTF-8"?>
<!-- Generated by org.testng.reporters.JUnitReportReporter -->
<testsuite skipped="0" hostname="abhinam2" name="com.training.sanity.tests.CreateAdTest" tests="1" failures="0" timestamp="14 Jan 2019 06:49:36 GMT" time="20.858" errors="0">
  <testcase name="createAdTest" time="20.858" classname="com.training.sanity.tests.CreateAdTest"/>
</testsuite> <!-- com.training.sanity.tests.CreateAdTest -->
